{"file":"_stream_transform.js","level":"info","line":"166","message":"Iniciando servidor...","timestamp":"2025-11-14 01:06:10"}
{"file":"_stream_transform.js","level":"info","line":"166","message":"Variáveis de ambiente carregadas → NODE_ENV=development","timestamp":"2025-11-14 01:06:10"}
{"file":"_stream_transform.js","level":"info","line":"166","message":"MongoDB conectado com sucesso!","timestamp":"2025-11-14 01:06:10"}
{"file":"_stream_transform.js","level":"info","line":"166","message":"Servidor rodando na porta 5050","timestamp":"2025-11-14 01:06:10"}
{"file":"_stream_transform.js","level":"info","line":"166","message":"Health check: http://localhost:5050/api/health","timestamp":"2025-11-14 01:06:10"}
{"file":"_stream_transform.js","level":"info","line":"166","message":"Iniciando servidor...","timestamp":"2025-11-14 01:06:16"}
{"file":"_stream_transform.js","level":"info","line":"166","message":"Variáveis de ambiente carregadas → NODE_ENV=development","timestamp":"2025-11-14 01:06:16"}
{"file":"_stream_transform.js","level":"info","line":"166","message":"MongoDB conectado com sucesso!","timestamp":"2025-11-14 01:06:16"}
{"file":"_stream_transform.js","level":"info","line":"166","message":"Servidor rodando na porta 5050","timestamp":"2025-11-14 01:06:16"}
{"file":"_stream_transform.js","level":"info","line":"166","message":"Health check: http://localhost:5050/api/health","timestamp":"2025-11-14 01:06:16"}
{"file":"_stream_transform.js","level":"info","line":"166","message":"Iniciando servidor...","timestamp":"2025-11-14 01:12:18"}
{"file":"_stream_transform.js","level":"info","line":"166","message":"Variáveis de ambiente carregadas → NODE_ENV=development","timestamp":"2025-11-14 01:12:18"}
{"file":"_stream_transform.js","level":"info","line":"166","message":"MongoDB conectado com sucesso!","timestamp":"2025-11-14 01:12:18"}
{"file":"_stream_transform.js","level":"info","line":"166","message":"Servidor rodando na porta 5050","timestamp":"2025-11-14 01:12:18"}
{"file":"_stream_transform.js","level":"info","line":"166","message":"Health check: http://localhost:5050/api/health","timestamp":"2025-11-14 01:12:18"}
{"file":"_stream_transform.js","level":"info","line":"166","message":"Iniciando servidor...","timestamp":"2025-11-14 01:21:24"}
{"file":"_stream_transform.js","level":"info","line":"166","message":"Variáveis de ambiente carregadas → NODE_ENV=development","timestamp":"2025-11-14 01:21:24"}
{"file":"_stream_transform.js","level":"info","line":"166","message":"MongoDB conectado com sucesso!","timestamp":"2025-11-14 01:21:24"}
{"file":"_stream_transform.js","level":"info","line":"166","message":"Servidor rodando na porta 5050","timestamp":"2025-11-14 01:21:24"}
{"file":"_stream_transform.js","level":"info","line":"166","message":"Health check: http://localhost:5050/api/health","timestamp":"2025-11-14 01:21:24"}
{"file":"_stream_transform.js","level":"info","line":"166","message":"Iniciando servidor...","timestamp":"2025-11-14 01:31:46"}
{"file":"_stream_transform.js","level":"info","line":"166","message":"Variáveis de ambiente carregadas → NODE_ENV=development","timestamp":"2025-11-14 01:31:46"}
{"file":"_stream_transform.js","level":"info","line":"166","message":"MongoDB conectado com sucesso!","timestamp":"2025-11-14 01:31:46"}
{"file":"_stream_transform.js","level":"info","line":"166","message":"Servidor rodando na porta 5050","timestamp":"2025-11-14 01:31:46"}
{"file":"_stream_transform.js","level":"info","line":"166","message":"Health check: http://localhost:5050/api/health","timestamp":"2025-11-14 01:31:46"}
{"file":"_stream_transform.js","level":"info","line":"166","message":"Iniciando servidor...","timestamp":"2025-11-14 01:31:47"}
{"file":"_stream_transform.js","level":"info","line":"166","message":"Variáveis de ambiente carregadas → NODE_ENV=development","timestamp":"2025-11-14 01:31:47"}
{"file":"_stream_transform.js","level":"info","line":"166","message":"MongoDB conectado com sucesso!","timestamp":"2025-11-14 01:31:47"}
{"file":"_stream_transform.js","level":"info","line":"166","message":"Servidor rodando na porta 5050","timestamp":"2025-11-14 01:31:47"}
{"file":"_stream_transform.js","level":"info","line":"166","message":"Health check: http://localhost:5050/api/health","timestamp":"2025-11-14 01:31:47"}
{"file":"_stream_transform.js","level":"info","line":"166","message":"Iniciando servidor...","timestamp":"2025-11-14 01:31:49"}
{"file":"_stream_transform.js","level":"info","line":"166","message":"Variáveis de ambiente carregadas → NODE_ENV=development","timestamp":"2025-11-14 01:31:49"}
{"file":"_stream_transform.js","level":"info","line":"166","message":"MongoDB conectado com sucesso!","timestamp":"2025-11-14 01:31:49"}
{"file":"_stream_transform.js","level":"info","line":"166","message":"Servidor rodando na porta 5050","timestamp":"2025-11-14 01:31:49"}
{"file":"_stream_transform.js","level":"info","line":"166","message":"Health check: http://localhost:5050/api/health","timestamp":"2025-11-14 01:31:49"}
{"file":"_stream_transform.js","level":"info","line":"166","message":"Iniciando servidor...","timestamp":"2025-11-14 01:31:58"}
{"file":"_stream_transform.js","level":"info","line":"166","message":"Variáveis de ambiente carregadas → NODE_ENV=development","timestamp":"2025-11-14 01:31:58"}
{"file":"_stream_transform.js","level":"info","line":"166","message":"MongoDB conectado com sucesso!","timestamp":"2025-11-14 01:31:58"}
{"file":"_stream_transform.js","level":"info","line":"166","message":"Servidor rodando na porta 5050","timestamp":"2025-11-14 01:31:58"}
{"file":"_stream_transform.js","level":"info","line":"166","message":"Health check: http://localhost:5050/api/health","timestamp":"2025-11-14 01:31:58"}
{"file":"_stream_transform.js","level":"info","line":"166","message":"Iniciando servidor...","timestamp":"2025-11-14 01:32:00"}
{"file":"_stream_transform.js","level":"info","line":"166","message":"Variáveis de ambiente carregadas → NODE_ENV=development","timestamp":"2025-11-14 01:32:00"}
{"file":"_stream_transform.js","level":"info","line":"166","message":"MongoDB conectado com sucesso!","timestamp":"2025-11-14 01:32:00"}
{"file":"_stream_transform.js","level":"info","line":"166","message":"Servidor rodando na porta 5050","timestamp":"2025-11-14 01:32:00"}
{"file":"_stream_transform.js","level":"info","line":"166","message":"Health check: http://localhost:5050/api/health","timestamp":"2025-11-14 01:32:00"}
{"file":"_stream_transform.js","level":"info","line":"166","message":"Iniciando servidor...","timestamp":"2025-11-14 01:33:06"}
{"file":"_stream_transform.js","level":"info","line":"166","message":"Variáveis de ambiente carregadas → NODE_ENV=development","timestamp":"2025-11-14 01:33:06"}
{"file":"_stream_transform.js","level":"info","line":"166","message":"MongoDB conectado com sucesso!","timestamp":"2025-11-14 01:33:06"}
{"file":"_stream_transform.js","level":"info","line":"166","message":"Servidor rodando na porta 5050","timestamp":"2025-11-14 01:33:06"}
{"file":"_stream_transform.js","level":"info","line":"166","message":"Health check: http://localhost:5050/api/health","timestamp":"2025-11-14 01:33:06"}
